<?xml version="1.0" encoding="UTF-8"?>
<testsuite name="ru.qa.borisov.rest.RestAssuredTests" tests="1" skipped="0" failures="1" errors="0" timestamp="2019-11-12T15:49:38" hostname="MAC-005" time="4.816">
  <properties/>
  <testcase name="testCreateIssue" classname="ru.qa.borisov.rest.RestAssuredTests" time="4.816">
    <failure message="java.lang.AssertionError: Sets differ: expected [ru.qa.borisov.rest.Issue@c08c74d, ru.qa.borisov.rest.Issue@c08cb0e, ru.qa.borisov.rest.Issue@6a306b23, ru.qa.borisov.rest.Issue@6a306ee4, ru.qa.borisov.rest.Issue@6a3072a5, ru.qa.borisov.rest.Issue@6a307666, ru.qa.borisov.rest.Issue@6a307a27, ru.qa.borisov.rest.Issue@c08e194, ru.qa.borisov.rest.Issue@c08e555, ru.qa.borisov.rest.Issue@c08e916, ru.qa.borisov.rest.Issue@c08ecd7, ru.qa.borisov.rest.Issue@c08f098, ru.qa.borisov.rest.Issue@c08f459, ru.qa.borisov.rest.Issue@c08f81a, ru.qa.borisov.rest.Issue@c08fbdb, ru.qa.borisov.rest.Issue@c08ff9c, ru.qa.borisov.rest.Issue@c09035d, ru.qa.borisov.rest.Issue@c09071e, ru.qa.borisov.rest.Issue@c090adf, ru.qa.borisov.rest.Issue@c090ea0, ru.qa.borisov.rest.Issue@d0407f33] but got [ru.qa.borisov.rest.Issue@c08c74d, ru.qa.borisov.rest.Issue@c08cb0e, ru.qa.borisov.rest.Issue@6a306b23, ru.qa.borisov.rest.Issue@6a306ee4, ru.qa.borisov.rest.Issue@6a3072a5, ru.qa.borisov.rest.Issue@6a307666, ru.qa.borisov.rest.Issue@6a307a27, ru.qa.borisov.rest.Issue@c08e194, ru.qa.borisov.rest.Issue@c08e555, ru.qa.borisov.rest.Issue@c08e916, ru.qa.borisov.rest.Issue@c08ecd7, ru.qa.borisov.rest.Issue@c08f098, ru.qa.borisov.rest.Issue@c08f459, ru.qa.borisov.rest.Issue@c08f81a, ru.qa.borisov.rest.Issue@c08fbdb, ru.qa.borisov.rest.Issue@c08ff9c, ru.qa.borisov.rest.Issue@c09035d, ru.qa.borisov.rest.Issue@c09071e, ru.qa.borisov.rest.Issue@c090adf, ru.qa.borisov.rest.Issue@c090ea0]" type="java.lang.AssertionError">java.lang.AssertionError: Sets differ: expected [ru.qa.borisov.rest.Issue@c08c74d, ru.qa.borisov.rest.Issue@c08cb0e, ru.qa.borisov.rest.Issue@6a306b23, ru.qa.borisov.rest.Issue@6a306ee4, ru.qa.borisov.rest.Issue@6a3072a5, ru.qa.borisov.rest.Issue@6a307666, ru.qa.borisov.rest.Issue@6a307a27, ru.qa.borisov.rest.Issue@c08e194, ru.qa.borisov.rest.Issue@c08e555, ru.qa.borisov.rest.Issue@c08e916, ru.qa.borisov.rest.Issue@c08ecd7, ru.qa.borisov.rest.Issue@c08f098, ru.qa.borisov.rest.Issue@c08f459, ru.qa.borisov.rest.Issue@c08f81a, ru.qa.borisov.rest.Issue@c08fbdb, ru.qa.borisov.rest.Issue@c08ff9c, ru.qa.borisov.rest.Issue@c09035d, ru.qa.borisov.rest.Issue@c09071e, ru.qa.borisov.rest.Issue@c090adf, ru.qa.borisov.rest.Issue@c090ea0, ru.qa.borisov.rest.Issue@d0407f33] but got [ru.qa.borisov.rest.Issue@c08c74d, ru.qa.borisov.rest.Issue@c08cb0e, ru.qa.borisov.rest.Issue@6a306b23, ru.qa.borisov.rest.Issue@6a306ee4, ru.qa.borisov.rest.Issue@6a3072a5, ru.qa.borisov.rest.Issue@6a307666, ru.qa.borisov.rest.Issue@6a307a27, ru.qa.borisov.rest.Issue@c08e194, ru.qa.borisov.rest.Issue@c08e555, ru.qa.borisov.rest.Issue@c08e916, ru.qa.borisov.rest.Issue@c08ecd7, ru.qa.borisov.rest.Issue@c08f098, ru.qa.borisov.rest.Issue@c08f459, ru.qa.borisov.rest.Issue@c08f81a, ru.qa.borisov.rest.Issue@c08fbdb, ru.qa.borisov.rest.Issue@c08ff9c, ru.qa.borisov.rest.Issue@c09035d, ru.qa.borisov.rest.Issue@c09071e, ru.qa.borisov.rest.Issue@c090adf, ru.qa.borisov.rest.Issue@c090ea0]
	at org.testng.Assert.fail(Assert.java:96)
	at org.testng.Assert.assertEquals(Assert.java:1042)
	at org.testng.Assert.assertEquals(Assert.java:1020)
	at ru.qa.borisov.rest.RestAssuredTests.testCreateIssue(RestAssuredTests.java:31)
	at java.base/jdk.internal.reflect.NativeMethodAccessorImpl.invoke0(Native Method)
	at java.base/jdk.internal.reflect.NativeMethodAccessorImpl.invoke(NativeMethodAccessorImpl.java:62)
	at java.base/jdk.internal.reflect.DelegatingMethodAccessorImpl.invoke(DelegatingMethodAccessorImpl.java:43)
	at java.base/java.lang.reflect.Method.invoke(Method.java:567)
	at org.testng.internal.MethodInvocationHelper.invokeMethod(MethodInvocationHelper.java:124)
	at org.testng.internal.Invoker.invokeMethod(Invoker.java:583)
	at org.testng.internal.Invoker.invokeTestMethod(Invoker.java:719)
	at org.testng.internal.Invoker.invokeTestMethods(Invoker.java:989)
	at org.testng.internal.TestMethodWorker.invokeTestMethods(TestMethodWorker.java:125)
	at org.testng.internal.TestMethodWorker.run(TestMethodWorker.java:109)
	at org.testng.TestRunner.privateRun(TestRunner.java:648)
	at org.testng.TestRunner.run(TestRunner.java:505)
	at org.testng.SuiteRunner.runTest(SuiteRunner.java:455)
	at org.testng.SuiteRunner.runSequentially(SuiteRunner.java:450)
	at org.testng.SuiteRunner.privateRun(SuiteRunner.java:415)
	at org.testng.SuiteRunner.run(SuiteRunner.java:364)
	at org.testng.SuiteRunnerWorker.runSuite(SuiteRunnerWorker.java:52)
	at org.testng.SuiteRunnerWorker.run(SuiteRunnerWorker.java:84)
	at org.testng.TestNG.runSuitesSequentially(TestNG.java:1208)
	at org.testng.TestNG.runSuitesLocally(TestNG.java:1137)
	at org.testng.TestNG.runSuites(TestNG.java:1049)
	at org.testng.TestNG.run(TestNG.java:1017)
	at org.gradle.api.internal.tasks.testing.testng.TestNGTestClassProcessor.runTests(TestNGTestClassProcessor.java:141)
	at org.gradle.api.internal.tasks.testing.testng.TestNGTestClassProcessor.stop(TestNGTestClassProcessor.java:90)
	at org.gradle.api.internal.tasks.testing.SuiteTestClassProcessor.stop(SuiteTestClassProcessor.java:61)
	at java.base/jdk.internal.reflect.NativeMethodAccessorImpl.invoke0(Native Method)
	at java.base/jdk.internal.reflect.NativeMethodAccessorImpl.invoke(NativeMethodAccessorImpl.java:62)
	at java.base/jdk.internal.reflect.DelegatingMethodAccessorImpl.invoke(DelegatingMethodAccessorImpl.java:43)
	at java.base/java.lang.reflect.Method.invoke(Method.java:567)
	at org.gradle.internal.dispatch.ReflectionDispatch.dispatch(ReflectionDispatch.java:35)
	at org.gradle.internal.dispatch.ReflectionDispatch.dispatch(ReflectionDispatch.java:24)
	at org.gradle.internal.dispatch.ContextClassLoaderDispatch.dispatch(ContextClassLoaderDispatch.java:32)
	at org.gradle.internal.dispatch.ProxyDispatchAdapter$DispatchingInvocationHandler.invoke(ProxyDispatchAdapter.java:93)
	at com.sun.proxy.$Proxy2.stop(Unknown Source)
	at org.gradle.api.internal.tasks.testing.worker.TestWorker.stop(TestWorker.java:132)
	at java.base/jdk.internal.reflect.NativeMethodAccessorImpl.invoke0(Native Method)
	at java.base/jdk.internal.reflect.NativeMethodAccessorImpl.invoke(NativeMethodAccessorImpl.java:62)
	at java.base/jdk.internal.reflect.DelegatingMethodAccessorImpl.invoke(DelegatingMethodAccessorImpl.java:43)
	at java.base/java.lang.reflect.Method.invoke(Method.java:567)
	at org.gradle.internal.dispatch.ReflectionDispatch.dispatch(ReflectionDispatch.java:35)
	at org.gradle.internal.dispatch.ReflectionDispatch.dispatch(ReflectionDispatch.java:24)
	at org.gradle.internal.remote.internal.hub.MessageHubBackedObjectConnection$DispatchWrapper.dispatch(MessageHubBackedObjectConnection.java:175)
	at org.gradle.internal.remote.internal.hub.MessageHubBackedObjectConnection$DispatchWrapper.dispatch(MessageHubBackedObjectConnection.java:157)
	at org.gradle.internal.remote.internal.hub.MessageHub$Handler.run(MessageHub.java:404)
	at org.gradle.internal.concurrent.ExecutorPolicy$CatchAndRecordFailures.onExecute(ExecutorPolicy.java:63)
	at org.gradle.internal.concurrent.ManagedExecutorImpl$1.run(ManagedExecutorImpl.java:46)
	at java.base/java.util.concurrent.ThreadPoolExecutor.runWorker(ThreadPoolExecutor.java:1128)
	at java.base/java.util.concurrent.ThreadPoolExecutor$Worker.run(ThreadPoolExecutor.java:628)
	at org.gradle.internal.concurrent.ThreadFactoryImpl$ManagedThreadRunnable.run(ThreadFactoryImpl.java:55)
	at java.base/java.lang.Thread.run(Thread.java:835)
</failure>
  </testcase>
  <system-out><![CDATA[]]></system-out>
  <system-err><![CDATA[]]></system-err>
</testsuite>
